SF:lib/player.dart
DA:5,1
LF:1
LH:1
end_of_record
SF:lib/score_mangment.dart
DA:7,1
DA:9,1
DA:10,2
DA:11,2
DA:12,2
DA:14,2
DA:15,1
DA:16,2
DA:21,1
DA:22,1
LF:10
LH:10
end_of_record
SF:lib/score_type.dart
DA:8,1
DA:10,1
DA:11,1
DA:12,1
DA:13,1
DA:14,1
DA:15,1
DA:16,1
DA:17,1
DA:19,1
DA:23,1
DA:25,1
DA:27,1
DA:29,1
DA:31,1
DA:33,1
DA:40,2
LF:17
LH:17
end_of_record
SF:lib/equallity_score.dart
DA:4,1
DA:5,1
DA:6,3
LF:3
LH:3
end_of_record
SF:lib/score_advantage.dart
DA:2,1
DA:3,1
DA:4,1
DA:7,1
DA:9,1
LF:5
LH:5
end_of_record
